<?xml version="1.0" encoding="UTF-8"?>
<!-- Generated by org.testng.reporters.JUnitReportReporter -->
<testsuite hostname="LAPTOP-SP4PVLF4" failures="0" tests="2" name="js.jstask" time="35.139" errors="0" timestamp="6 Nov 2022 10:32:53 GMT">
  <testcase classname="js.jstask" name="test2" time="25.108"/>
  <testcase classname="js.jstask" name="test1" time="10.031"/>
</testsuite> <!-- js.jstask -->
