<?xml version="1.0" encoding="UTF-8"?>
<!-- Generated by org.testng.reporters.JUnitReportReporter -->
<testsuite hostname="LAPTOP-SP4PVLF4" failures="0" tests="1" name="js.login" time="14.366" errors="0" timestamp="3 Nov 2022 06:08:05 GMT">
  <testcase classname="js.login" name="test1" time="14.366"/>
</testsuite> <!-- js.login -->
