<?xml version="1.0" encoding="UTF-8"?>
<!-- Generated by org.testng.reporters.JUnitReportReporter -->
<testsuite hostname="LAPTOP-SP4PVLF4" failures="0" tests="1" name="test_runner.test_runner" time="66.063" errors="0" timestamp="7 Nov 2022 11:11:40 GMT">
  <testcase classname="test_runner.test_runner" name="runScenario" time="66.063"/>
</testsuite> <!-- test_runner.test_runner -->
