<?xml version="1.0" encoding="UTF-8"?>
<!-- Generated by org.testng.reporters.JUnitReportReporter -->
<testsuite hostname="LAPTOP-SP4PVLF4" failures="0" tests="2" name="js.practise" time="33.889" errors="0" timestamp="2022-11-01T14:20:07 IST" skipped="0">
  <testcase classname="js.practise" name="test1" time="8.329"/>
  <system-out/>
  <testcase classname="js.practise" name="test2" time="25.560"/>
  <system-out/>
</testsuite> <!-- js.practise -->
