<?xml version="1.0" encoding="UTF-8"?>
<!-- Generated by org.testng.reporters.JUnitReportReporter -->
<testsuite hostname="LAPTOP-SP4PVLF4" failures="0" tests="4" name="testngdemo.Groups" time="0.021" errors="0" timestamp="2022-11-25T04:38:32 IST" skipped="0">
  <testcase classname="testngdemo.Groups" name="tc2" time="0.001"/>
  <system-out/>
  <testcase classname="testngdemo.Groups" name="tc1" time="0.010"/>
  <system-out/>
  <testcase classname="testngdemo.Groups" name="tc3" time="0.005"/>
  <system-out/>
  <testcase classname="testngdemo.Groups" name="tc4" time="0.005"/>
  <system-out/>
</testsuite> <!-- testngdemo.Groups -->
