<?xml version="1.0" encoding="UTF-8"?>
<!-- Generated by org.testng.reporters.JUnitReportReporter -->
<testsuite hostname="LAPTOP-SP4PVLF4" failures="0" tests="2" name="testngdemo.NewTest" time="19.497" errors="0" timestamp="2022-11-06T14:31:52 IST" skipped="0">
  <testcase classname="testngdemo.NewTest" name="f" time="11.002"/>
  <system-out/>
  <testcase classname="testngdemo.NewTest" name="f" time="8.495"/>
  <system-out/>
</testsuite> <!-- testngdemo.NewTest -->
