<?xml version="1.0" encoding="UTF-8"?>
<!-- Generated by org.testng.reporters.JUnitReportReporter -->
<testsuite hostname="LAPTOP-SP4PVLF4" failures="0" tests="2" name="parallel_testing.pt" time="0.017" errors="0" timestamp="7 Nov 2022 16:28:50 GMT">
  <testcase classname="parallel_testing.pt" name="test" time="0.001"/>
  <testcase classname="parallel_testing.pt" name="test" time="0.016"/>
</testsuite> <!-- parallel_testing.pt -->
