<?xml version="1.0" encoding="UTF-8"?>
<!-- Generated by org.testng.reporters.JUnitReportReporter -->
<testsuite hostname="LAPTOP-SP4PVLF4" failures="0" tests="1" name="windowhandle.wh2" time="57.741" errors="0" timestamp="28 Oct 2022 18:06:04 GMT">
  <testcase classname="windowhandle.wh2" name="testcase1" time="57.741"/>
</testsuite> <!-- windowhandle.wh2 -->
