<?xml version="1.0" encoding="UTF-8"?>
<!-- Generated by org.testng.reporters.JUnitReportReporter -->
<testsuite hostname="LAPTOP-SP4PVLF4" failures="0" tests="2" name="windowhandle.wh3" time="18.643" errors="0" timestamp="29 Oct 2022 20:54:53 GMT">
  <testcase classname="windowhandle.wh3" name="test1" time="3.301"/>
  <testcase classname="windowhandle.wh3" name="test2" time="15.342"/>
</testsuite> <!-- windowhandle.wh3 -->
