<?xml version="1.0" encoding="UTF-8"?>
<!-- Generated by org.testng.reporters.JUnitReportReporter -->
<testsuite hostname="LAPTOP-SP4PVLF4" failures="0" tests="1" name="extentreport.ExtentReport" time="6.183" errors="0" timestamp="16 Nov 2022 17:24:07 GMT">
  <testcase classname="extentreport.ExtentReport" name="Testcase1" time="6.183"/>
</testsuite> <!-- extentreport.ExtentReport -->
