<?xml version="1.0" encoding="UTF-8"?>
<!-- Generated by org.testng.reporters.JUnitReportReporter -->
<testsuite hostname="LAPTOP-SP4PVLF4" failures="0" tests="1" name="datadriven.datadriven" time="53.527" errors="0" timestamp="07 Nov 2022 14:56:03 GMT" skipped="0">
  <testcase classname="datadriven.datadriven" name="tc1" time="53.527"/>
</testsuite> <!-- datadriven.datadriven -->
