<?xml version="1.0" encoding="UTF-8"?>
<!-- Generated by org.testng.reporters.JUnitReportReporter -->
<testsuite hostname="LAPTOP-SP4PVLF4" failures="0" tests="1" name="test_runner.test_runner" time="17.729" errors="0" timestamp="3 Nov 2022 11:05:45 GMT">
  <testcase classname="test_runner.test_runner" name="runScenario" time="17.729"/>
</testsuite> <!-- test_runner.test_runner -->
