<?xml version="1.0" encoding="UTF-8"?>
<!-- Generated by org.testng.reporters.JUnitReportReporter -->
<testsuite hostname="LAPTOP-SP4PVLF4" failures="0" tests="2" name="demo.practise1" time="15.840" errors="0" timestamp="2022-10-26T17:33:38 IST" skipped="0">
  <testcase classname="demo.practise1" name="test1" time="14.191"/>
  <system-out/>
  <testcase classname="demo.practise1" name="test" time="1.649"/>
  <system-out/>
</testsuite> <!-- demo.practise1 -->
