<?xml version="1.0" encoding="UTF-8"?>
<!-- Generated by org.testng.reporters.JUnitReportReporter -->
<testsuite hostname="LAPTOP-SP4PVLF4" failures="0" tests="3" name="demo.alert" time="33.254" errors="0" timestamp="2022-10-24T13:49:01 IST" skipped="0">
  <testcase classname="demo.alert" name="alert2" time="6.649"/>
  <system-out/>
  <testcase classname="demo.alert" name="alert3" time="11.146"/>
  <system-out/>
  <testcase classname="demo.alert" name="alert4" time="15.459"/>
  <system-out/>
</testsuite> <!-- demo.alert -->
