<?xml version="1.0" encoding="UTF-8"?>
<!-- Generated by org.testng.reporters.JUnitReportReporter -->
<testsuite hostname="LAPTOP-SP4PVLF4" failures="0" tests="1" name="demo.Implicitwait" time="44.270" errors="0" timestamp="2022-10-26T19:20:10 IST" skipped="0">
  <testcase classname="demo.Implicitwait" name="testcase1" time="44.270"/>
  <system-out/>
</testsuite> <!-- demo.Implicitwait -->
