<?xml version="1.0" encoding="UTF-8"?>
<!-- Generated by org.testng.reporters.JUnitReportReporter -->
<testsuite hostname="LAPTOP-SP4PVLF4" failures="0" tests="1" name="demo.windowhandle" time="31.383" errors="0" timestamp="2022-10-18T14:22:17 IST" skipped="0">
  <testcase classname="demo.windowhandle" name="testcase1" time="31.383"/>
  <system-out/>
</testsuite> <!-- demo.windowhandle -->
