<?xml version="1.0" encoding="UTF-8"?>
<!-- Generated by org.testng.reporters.JUnitReportReporter -->
<testsuite hostname="LAPTOP-SP4PVLF4" failures="0" tests="1" name="demo.ohrmpim" time="31.611" errors="0" timestamp="2022-10-26T16:05:04 IST" skipped="0">
  <testcase classname="demo.ohrmpim" name="testcase1" time="31.611"/>
  <system-out/>
</testsuite> <!-- demo.ohrmpim -->
