<?xml version="1.0" encoding="UTF-8"?>
<!-- Generated by org.testng.reporters.JUnitReportReporter -->
<testsuite hostname="LAPTOP-SP4PVLF4" failures="0" tests="1" name="demo.actionsmouse" time="19.450" errors="0" timestamp="16 Oct 2022 19:51:41 GMT">
  <testcase classname="demo.actionsmouse" name="actionsmouse" time="19.450"/>
</testsuite> <!-- demo.actionsmouse -->
