<?xml version="1.0" encoding="UTF-8"?>
<!-- Generated by org.testng.reporters.JUnitReportReporter -->
<testsuite hostname="LAPTOP-SP4PVLF4" failures="0" tests="1" name="demo.actionsmousehover" time="38.593" errors="0" timestamp="2022-11-23T05:55:02 IST" skipped="0">
  <testcase classname="demo.actionsmousehover" name="testcase1" time="38.593"/>
  <system-out/>
</testsuite> <!-- demo.actionsmousehover -->
