<?xml version="1.0" encoding="UTF-8"?>
<!-- Generated by org.testng.reporters.JUnitReportReporter -->
<testsuite hostname="LAPTOP-SP4PVLF4" failures="0" tests="1" name="frames.frames1" time="6.308" errors="0" timestamp="2022-11-15T03:06:01 IST" skipped="0">
  <testcase classname="frames.frames1" name="test" time="6.308"/>
  <system-out/>
</testsuite> <!-- frames.frames1 -->
