<?xml version="1.0" encoding="UTF-8"?>
<!-- Generated by org.testng.reporters.JUnitReportReporter -->
<testsuite hostname="LAPTOP-SP4PVLF4" failures="0" tests="1" name="demo.kkjhjkh" time="32.032" errors="0" timestamp="16 Oct 2022 19:06:49 GMT">
  <testcase classname="demo.kkjhjkh" name="testcase1" time="32.032"/>
</testsuite> <!-- demo.kkjhjkh -->
