<?xml version="1.0" encoding="UTF-8"?>
<!-- Generated by org.testng.reporters.JUnitReportReporter -->
<testsuite hostname="LAPTOP-SP4PVLF4" failures="0" tests="1" name="frames.frames" time="6.599" errors="0" timestamp="2022-11-13T16:13:03 IST" skipped="0">
  <testcase classname="frames.frames" name="test" time="6.599"/>
  <system-out/>
</testsuite> <!-- frames.frames -->
