<?xml version="1.0" encoding="UTF-8"?>
<!-- Generated by org.testng.reporters.JUnitReportReporter -->
<testsuite hostname="LAPTOP-SP4PVLF4" failures="0" tests="1" name="demo.Explicitwait" time="33.048" errors="0" timestamp="2022-10-17T14:45:27 IST" skipped="0">
  <testcase classname="demo.Explicitwait" name="testcase1" time="33.048"/>
  <system-out/>
</testsuite> <!-- demo.Explicitwait -->
