<?xml version="1.0" encoding="UTF-8"?>
<!-- Generated by org.testng.reporters.JUnitReportReporter -->
<testsuite hostname="LAPTOP-SP4PVLF4" failures="0" tests="7" name="demo.Demo1" time="29.719" errors="0" timestamp="2022-11-17T22:58:20 IST" skipped="5">
  <testcase classname="demo.Demo1" name="test23" time="1.524"/>
  <system-out/>
  <testcase classname="demo.Demo1" name="testcase1" time="28.195"/>
  <system-out/>
  <testcase classname="demo.Demo1" name="actionsmouse">
    <skipped/>
  </testcase> <!-- actionsmouse -->
  <system-out/>
  <testcase classname="demo.Demo1" name="actionskeyboard">
    <skipped/>
  </testcase> <!-- actionskeyboard -->
  <system-out/>
  <testcase classname="demo.Demo1" name="testcase2">
    <skipped/>
  </testcase> <!-- testcase2 -->
  <system-out/>
  <testcase classname="demo.Demo1" name="actions">
    <skipped/>
  </testcase> <!-- actions -->
  <system-out/>
  <testcase classname="demo.Demo1" name="actionsmousehover">
    <skipped/>
  </testcase> <!-- actionsmousehover -->
  <system-out/>
</testsuite> <!-- demo.Demo1 -->
