<?xml version="1.0" encoding="UTF-8"?>
<!-- Generated by org.testng.reporters.JUnitReportReporter -->
<testsuite hostname="LAPTOP-SP4PVLF4" failures="0" tests="1" name="demo.links" time="29.516" errors="0" timestamp="2022-11-30T21:34:21 IST" skipped="0">
  <testcase classname="demo.links" name="testcase1" time="29.516"/>
  <system-out/>
</testsuite> <!-- demo.links -->
