<?xml version="1.0" encoding="UTF-8"?>
<!-- Generated by org.testng.reporters.JUnitReportReporter -->
<testsuite hostname="LAPTOP-SP4PVLF4" failures="0" tests="1" name="demo.listtask" time="30.503" errors="0" timestamp="2022-10-19T10:42:04 IST" skipped="0">
  <testcase classname="demo.listtask" name="task" time="30.503"/>
  <system-out/>
</testsuite> <!-- demo.listtask -->
