<?xml version="1.0" encoding="UTF-8"?>
<!-- Generated by org.testng.reporters.JUnitReportReporter -->
<testsuite hostname="LAPTOP-SP4PVLF4" failures="0" tests="1" name="demo.Demo" time="35.116" errors="0" timestamp="2022-11-17T22:37:03 IST" skipped="0">
  <testcase classname="demo.Demo" name="testcase1" time="35.116"/>
  <system-out/>
</testsuite> <!-- demo.Demo -->
