<?xml version="1.0" encoding="UTF-8"?>
<!-- Generated by org.testng.reporters.JUnitReportReporter -->
<testsuite hostname="LAPTOP-SP4PVLF4" failures="0" tests="1" name="demo.guru" time="26.071" errors="0" timestamp="11 Oct 2022 09:28:24 GMT">
  <testcase classname="demo.guru" name="test1" time="26.071"/>
</testsuite> <!-- demo.guru -->
