<?xml version="1.0" encoding="UTF-8"?>
<!-- Generated by org.testng.reporters.JUnitReportReporter -->
<testsuite hostname="LAPTOP-SP4PVLF4" failures="0" tests="1" name="runner.test_runner" time="13.273" errors="0" timestamp="3 Nov 2022 02:15:35 GMT">
  <testcase classname="runner.test_runner" name="runScenario" time="13.273"/>
</testsuite> <!-- runner.test_runner -->
